\BOOKMARK [0][-]{chapter*.1}{Acknowledgement}{}% 1
\BOOKMARK [0][-]{chapter*.2}{Declaration of Autonomy}{}% 2
\BOOKMARK [0][-]{chapter*.3}{Abstract}{}% 3
\BOOKMARK [0][-]{chapter.1}{Motivation}{}% 4
\BOOKMARK [0][-]{chapter.2}{Fundamentals}{}% 5
\BOOKMARK [1][-]{section.2.1}{Competitor Analysis}{chapter.2}% 6
\BOOKMARK [2][-]{subsection.2.1.1}{Optical versus acoustical measurement}{section.2.1}% 7
\BOOKMARK [3][-]{subsubsection.2.1.1.1}{Acoustical measurement}{subsection.2.1.1}% 8
\BOOKMARK [3][-]{subsubsection.2.1.1.2}{Optical measurement}{subsection.2.1.1}% 9
\BOOKMARK [2][-]{subsection.2.1.2}{Companies}{section.2.1}% 10
\BOOKMARK [3][-]{subsubsection.2.1.2.1}{Witschi - WisioScope S}{subsection.2.1.2}% 11
\BOOKMARK [3][-]{subsubsection.2.1.2.2}{Lepsi - WatchScope/WatchAnalyzer}{subsection.2.1.2}% 12
\BOOKMARK [3][-]{subsubsection.2.1.2.3}{Greiner Vibrograf - Compact 900}{subsection.2.1.2}% 13
\BOOKMARK [1][-]{section.2.2}{Camera module}{chapter.2}% 14
\BOOKMARK [2][-]{subsection.2.2.1}{Exposure time}{section.2.2}% 15
\BOOKMARK [3][-]{subsubsection.2.2.1.1}{Minimal exposure time}{subsection.2.2.1}% 16
\BOOKMARK [3][-]{subsubsection.2.2.1.2}{Maximum framerate}{subsection.2.2.1}% 17
\BOOKMARK [3][-]{subsubsection.2.2.1.3}{Maximum exposure time}{subsection.2.2.1}% 18
\BOOKMARK [2][-]{subsection.2.2.2}{Hardware limits}{section.2.2}% 19
\BOOKMARK [1][-]{section.2.3}{Mechanical watches}{chapter.2}% 20
\BOOKMARK [2][-]{subsection.2.3.1}{Operation of a mechanical watch}{section.2.3}% 21
\BOOKMARK [2][-]{subsection.2.3.2}{Oscillation of the balance wheel}{section.2.3}% 22
\BOOKMARK [3][-]{subsubsection.2.3.2.1}{Period}{subsection.2.3.2}% 23
\BOOKMARK [3][-]{subsubsection.2.3.2.2}{Half a period}{subsection.2.3.2}% 24
\BOOKMARK [2][-]{subsection.2.3.3}{Number of impacts}{section.2.3}% 25
\BOOKMARK [2][-]{subsection.2.3.4}{Test watch}{section.2.3}% 26
\BOOKMARK [0][-]{chapter.3}{Technologies}{}% 27
\BOOKMARK [1][-]{section.3.1}{Evaluation of technologies}{chapter.3}% 28
\BOOKMARK [2][-]{subsection.3.1.1}{OpenCV}{section.3.1}% 29
\BOOKMARK [2][-]{subsection.3.1.2}{Gstreamer}{section.3.1}% 30
\BOOKMARK [2][-]{subsection.3.1.3}{Picamera}{section.3.1}% 31
\BOOKMARK [2][-]{subsection.3.1.4}{Frame analysis versus given GPU motion vectors}{section.3.1}% 32
\BOOKMARK [2][-]{subsection.3.1.5}{Frame analysis via OpenCV}{section.3.1}% 33
\BOOKMARK [2][-]{subsection.3.1.6}{Motion vectors from high level library picamera}{section.3.1}% 34
\BOOKMARK [2][-]{subsection.3.1.7}{Conclusions}{section.3.1}% 35
\BOOKMARK [0][-]{chapter.4}{Experimental approaches}{}% 36
\BOOKMARK [1][-]{section.4.1}{Test setup}{chapter.4}% 37
\BOOKMARK [1][-]{section.4.2}{Motion vectors}{chapter.4}% 38
\BOOKMARK [2][-]{subsection.4.2.1}{Gesture detection}{section.4.2}% 39
\BOOKMARK [2][-]{subsection.4.2.2}{Records of balance wheel}{section.4.2}% 40
\BOOKMARK [2][-]{subsection.4.2.3}{Animation of motion vectors}{section.4.2}% 41
\BOOKMARK [2][-]{subsection.4.2.4}{Motion vectors visualized in a frame}{section.4.2}% 42
\BOOKMARK [2][-]{subsection.4.2.5}{Analysis of motion vectors in excel}{section.4.2}% 43
\BOOKMARK [2][-]{subsection.4.2.6}{Influences of light, ANGLE? and camera parameters}{section.4.2}% 44
\BOOKMARK [1][-]{section.4.3}{Crude calculation of frequency}{chapter.4}% 45
\BOOKMARK [1][-]{section.4.4}{Verification of accuracy}{chapter.4}% 46
\BOOKMARK [0][-]{chapter.5}{Calculation of the frequency}{}% 47
\BOOKMARK [1][-]{section.5.1}{Implementation of the algorithms}{chapter.5}% 48
\BOOKMARK [2][-]{subsection.5.1.1}{Calculation of the frequency by counting minima with upper limit}{section.5.1}% 49
\BOOKMARK [2][-]{subsection.5.1.2}{Calculation of the frequency by counting minima with stepsize}{section.5.1}% 50
\BOOKMARK [0][-]{chapter.6}{Results}{}% 51
\BOOKMARK [1][-]{section.6.1}{Measurements}{chapter.6}% 52
\BOOKMARK [1][-]{section.6.2}{Calculation of rate deviation from frequency}{chapter.6}% 53
\BOOKMARK [1][-]{section.6.3}{Evaluation}{chapter.6}% 54
\BOOKMARK [0][-]{chapter.7}{Discussion}{}% 55
\BOOKMARK [1][-]{section.7.1}{Difficulties}{chapter.7}% 56
\BOOKMARK [1][-]{section.7.2}{Outlook}{chapter.7}% 57
\BOOKMARK [0][-]{section*.5}{Glossary}{}% 58
